<?xml version="1.0" encoding="UTF-8"?>
<testng-results skipped="0" failed="0" total="1" passed="1">
  <reporter-output>
  </reporter-output>
  <suite name="Surefire suite" duration-ms="31979" started-at="2016-05-12T15:41:16Z" finished-at="2016-05-12T15:41:48Z">
    <groups>
    </groups>
    <test name="Surefire test" duration-ms="31979" started-at="2016-05-12T15:41:16Z" finished-at="2016-05-12T15:41:48Z">
      <class name="com.bottomline.tests.AppTest">
        <test-method status="PASS" signature="test()[pri:0, instance:com.bottomline.tests.AppTest@36bc174e]" name="test" duration-ms="31786" started-at="2016-05-12T18:41:16Z" finished-at="2016-05-12T18:41:48Z">
          <reporter-output>
          </reporter-output>
        </test-method> <!-- test -->
      </class> <!-- com.bottomline.tests.AppTest -->
    </test> <!-- Surefire test -->
  </suite> <!-- Surefire suite -->
</testng-results>
